<?xml version="1.0" encoding="UTF-8"?>
<testng-results skipped="0" failed="0" ignored="0" total="1" passed="1">
  <reporter-output>
  </reporter-output>
  <suite name="Default suite" duration-ms="1780" started-at="2020-02-08T12:15:02 EST" finished-at="2020-02-08T12:15:04 EST">
    <groups>
    </groups>
    <test name="Default test" duration-ms="1780" started-at="2020-02-08T12:15:02 EST" finished-at="2020-02-08T12:15:04 EST">
      <class name="com.archana.RestAPIAutomation.TC05_GET_Request">
        <test-method status="PASS" signature="getPosts()[pri:0, instance:com.archana.RestAPIAutomation.TC05_GET_Request@2b9627bc]" name="getPosts" duration-ms="1737" started-at="2020-02-08T12:15:02 EST" finished-at="2020-02-08T12:15:04 EST">
          <reporter-output>
          </reporter-output>
        </test-method> <!-- getPosts -->
      </class> <!-- com.archana.RestAPIAutomation.TC05_GET_Request -->
    </test> <!-- Default test -->
  </suite> <!-- Default suite -->
</testng-results>
